2156630|8001087|Cloud White / Collegiate Royal / Scarlet|https://www.adidas.com/us/americana-hi-shoes/EF2803.html|48|28|frozenset(['EF2803_color0_pic1.jpg', 'EF2803_color0_pic2.jpg', 'EF2803_color0_pic8.jpg', 'EF2803_color0_pic10.jpg', 'EF2803_color0_pic5.jpg'])
2156630|8001088|Tech Indigo / Glory Pink / Collegiate Green|https://www.adidas.com/us/torsion-trdc-shoes/EF4806.html|91|71|frozenset(['EF2803_color1_pic1.jpg', 'EF2803_color1_pic6.jpg', 'EF2803_color1_pic0.jpg', 'EF2803_color1_pic2.jpg', 'EF2803_color1_pic8.jpg'])
2156703|8001365|GLORY BLUE / ORBIT GREY / GOLD METALLIC|https://www.adidas.com/us/matchbreak-super-shoes/EG2727.html|130|110|frozenset(['PERF002_color0_pic6.jpg', 'PERF002_color0_pic4.jpg', 'PERF002_color0_pic5.jpg', 'PERF002_color0_pic3.jpg', 'PERF002_color0_pic1.jpg', 'PERF002_color0_pic2.jpg', 'PERF002_color0_pic0.jpg'])
2156703|8001366|CORE BLACK / CLOUD WHITE / CORE BLACK|https://www.adidas.com/us/superstar-shoes/EG4958.html|80|60|frozenset(['PERF002_color1_pic1.jpg', 'PERF002_color1_pic3.jpg', 'PERF002_color1_pic5.jpg', 'PERF002_color1_pic4.jpg', 'PERF002_color1_pic0.jpg', 'PERF002_color1_pic2.jpg'])
2156703|8001367|CLOUD WHITE / POWER RED / CLOUD WHITE|https://www.adidas.com/us/nmd_r1-shoes/FV7852.html|130|110|frozenset(['PERF002_color2_pic4.jpg', 'PERF002_color2_pic0.jpg', 'PERF002_color2_pic2.jpg', 'PERF002_color2_pic1.jpg', 'PERF002_color2_pic3.jpg', 'PERF002_color2_pic5.jpg'])
2156703|8001368|CLOUD WHITE / COLLEGIATE GREEN / ORANGE|https://www.adidas.com/us/nmd_r1-shoes/FV7852.html|130|110|frozenset(['PERF002_color3_pic7.jpg', 'PERF002_color3_pic5.jpg', 'PERF002_color3_pic6.jpg', 'PERF002_color3_pic4.jpg', 'PERF002_color3_pic2.jpg', 'PERF002_color3_pic0.jpg', 'PERF002_color3_pic3.jpg', 'PERF002_color3_pic1.jpg'])
2156703|8001369|CLOUD WHITE / COLLEGIATE GREEN / ORANGE|https://www.adidas.com/us/nmd_r1-shoes/FV7852.html|130|110|frozenset(['PERF002_color4_pic2.jpg', 'PERF002_color4_pic0.jpg', 'PERF002_color4_pic3.jpg', 'PERF002_color4_pic1.jpg', 'PERF002_color4_pic7.jpg', 'PERF002_color4_pic5.jpg', 'PERF002_color4_pic6.jpg', 'PERF002_color4_pic4.jpg'])
2156779|8001633|Cloud White / Cloud White / Core Black|https://www.adidas.com/us/ozweego-shoes/EE6464.html|77|57|frozenset(['EE6464_color0_pic8.jpg', 'EE6464_color0_pic7.jpg', 'EE6464_color0_pic4.jpg', 'EE6464_color0_pic6.jpg', 'EE6464_color0_pic0.jpg', 'EE6464_color0_pic2.jpg'])
2156779|8001634|Cloud White / Sky Tint / Cloud White|https://www.adidas.com/us/pro-model-shoes/FV4492.html|72|72|frozenset(['EE6464_color1_pic7.jpg', 'EE6464_color1_pic5.jpg', 'EE6464_color1_pic1.jpg', 'EE6464_color1_pic0.jpg', 'EE6464_color1_pic8.jpg', 'EE6464_color1_pic4.jpg'])
2156779|8001635|Core Black / Cloud White / Collegiate Royal|https://www.adidas.com/us/superstar-shoes/FV4190.html|80|60|frozenset(['EE6464_color2_pic3.jpg', 'EE6464_color2_pic9.jpg', 'EE6464_color2_pic7.jpg', 'EE6464_color2_pic8.jpg', 'EE6464_color2_pic5.jpg'])
2156779|8001636|Crystal White / Collegiate Navy / Cloud White|https://www.adidas.com/us/matchbreak-super-shoes/EG2740.html|70|70|frozenset(['EE6464_color3_pic9.jpg', 'EE6464_color3_pic1.jpg', 'EE6464_color3_pic5.jpg', 'EE6464_color3_pic13.jpg', 'EE6464_color3_pic11.jpg', 'EE6464_color3_pic12.jpg', 'EE6464_color3_pic7.jpg', 'EE6464_color3_pic4.jpg'])
2156779|8001637|Grey Two / Raw Grey / Shock Yellow|https://www.adidas.com/us/yung-1-shoes/EF2778.html|60|60|frozenset(['EE6464_color4_pic7.jpg', 'EE6464_color4_pic9.jpg', 'EE6464_color4_pic3.jpg', 'EE6464_color4_pic2.jpg', 'EE6464_color4_pic4.jpg', 'EE6464_color4_pic6.jpg'])
2156789|8001675|Cloud White / Solar Red / Core Black|https://www.adidas.com/us/nmd_r1-shoes/EH0045.html|130|110|frozenset(['EH0045_color0_pic0.jpg'])
2156789|8001676|Crystal White / Signal Coral / Glory Red|https://www.adidas.com/us/torsion-comp-shoes/EF5973.html|84|84|frozenset(['EH0045_color1_pic8.jpg'])
2156789|8001677|Cloud White / Cloud White / Core Black|https://www.adidas.com/us/rivalry-low-shoes/EG8062.html|80|60|frozenset(['EH0045_color2_pic6.jpg'])
2156789|8001678|Savannah / Savannah / Solar Red|https://www.adidas.com/us/supercourt-shoes/FV4656.html|72|52|frozenset(['EH0045_color3_pic4.jpg'])
2156789|8001679|Core Black / Core Black / Carbon|https://www.adidas.com/us/yung-96-shoes/F35019.html|50|30|frozenset(['EH0045_color4_pic10.jpg', 'EH0045_color4_pic8.jpg', 'EH0045_color4_pic5.jpg', 'EH0045_color4_pic11.jpg'])
2156789|8001680|Core Black / Supplier Colour / Gum|https://www.adidas.com/us/hs-sobakov-shoes/EE5442.html|180|160|frozenset(['EH0045_color5_pic7.jpg', 'EH0045_color5_pic2.jpg', 'EH0045_color5_pic8.jpg'])
2156900|8002095|Cloud White / Cloud White / Real Purple|https://www.adidas.com/us/crazy-byw-shoes/CQ0992.html|85|85|frozenset(['CQ0992_color0_pic2.jpg', 'CQ0992_color0_pic8.jpg', 'CQ0992_color0_pic5.jpg', 'CQ0992_color0_pic1.jpg'])
2156900|8002096|Easy Blue / Running White / Gum|https://www.adidas.com/us/rivalry-rm-low-shoes/EE4988.html|78|58|frozenset(['CQ0992_color1_pic9.jpg', 'CQ0992_color1_pic7.jpg', 'CQ0992_color1_pic1.jpg', 'CQ0992_color1_pic3.jpg', 'CQ0992_color1_pic0.jpg', 'CQ0992_color1_pic2.jpg'])
2799454|10385961|Cloud White / Core Black / Gold Metallic|https://www.adidas.com/us/basket-profi-shoes/FW3108.html|80|60|frozenset(['FW3108_color0_pic4.jpg', 'FW3108_color0_pic8.jpg', 'FW3108_color0_pic9.jpg', 'FW3108_color0_pic2.jpg', 'FW3108_color0_pic0.jpg', 'FW3108_color0_pic3.jpg', 'FW3108_color0_pic1.jpg', 'FW3108_color0_pic7.jpg', 'FW3108_color0_pic5.jpg'])
2799454|10385962|Core Black / Cloud White / Light Blue|https://www.adidas.com/us/tyshawn-signature-shoes/EE6076.html|85|65|frozenset(['FW3108_color1_pic7.jpg', 'FW3108_color1_pic1.jpg', 'FW3108_color1_pic2.jpg', 'FW3108_color1_pic4.jpg', 'FW3108_color1_pic9.jpg', 'FW3108_color1_pic6.jpg', 'FW3108_color1_pic8.jpg'])
2799454|10385963|Core Black / Cloud White / Cloud White|https://www.adidas.com/us/nizza-shoes/CQ2332.html|60|40|frozenset(['FW3108_color2_pic9.jpg', 'FW3108_color2_pic4.jpg', 'FW3108_color2_pic6.jpg', 'FW3108_color2_pic5.jpg', 'FW3108_color2_pic7.jpg', 'FW3108_color2_pic1.jpg', 'FW3108_color2_pic8.jpg', 'FW3108_color2_pic0.jpg', 'FW3108_color2_pic2.jpg'])
2799454|10385964|Core Black / Core Black / Gold Metallic|https://www.adidas.com/us/basket-profi-shoes/FW3105.html|80|80|frozenset(['FW3108_color3_pic7.jpg', 'FW3108_color3_pic5.jpg', 'FW3108_color3_pic9.jpg', 'FW3108_color3_pic8.jpg', 'FW3108_color3_pic3.jpg', 'FW3108_color3_pic1.jpg', 'FW3108_color3_pic2.jpg', 'FW3108_color3_pic0.jpg'])
2799454|10385965|Cloud White / Crystal White / Solar Red|https://www.adidas.com/us/lxcon-shoes/EH0248.html|84|64|frozenset(['FW3108_color4_pic8.jpg', 'FW3108_color4_pic2.jpg', 'FW3108_color4_pic6.jpg', 'FW3108_color4_pic9.jpg', 'FW3108_color4_pic7.jpg', 'FW3108_color4_pic5.jpg', 'FW3108_color4_pic1.jpg'])
2799454|10385966|Core Black / Cloud White / Core Black|https://www.adidas.com/us/top-ten-hi-shoes/B34429.html|90|70|frozenset(['FW3108_color5_pic4.jpg', 'FW3108_color5_pic10.jpg', 'FW3108_color5_pic6.jpg', 'FW3108_color5_pic0.jpg', 'FW3108_color5_pic8.jpg', 'FW3108_color5_pic1.jpg', 'FW3108_color5_pic5.jpg', 'FW3108_color5_pic7.jpg'])
2799475|10386034|Team Royal Blue / Cloud White / Gold Metallic|https://www.adidas.com/us/basket-profi-shoes/FW3102.html|80|60|frozenset(['FW3102_color0_pic9.jpg', 'FW3102_color0_pic3.jpg', 'FW3102_color0_pic5.jpg', 'FW3102_color0_pic8.jpg', 'FW3102_color0_pic7.jpg'])
2799475|10386035|Core Black / Cloud White / Customized|https://www.adidas.com/us/copa-nationale-x-mike-arnold-shoes/FV4690.html|95|75|frozenset(['FW3102_color1_pic6.jpg', 'FW3102_color1_pic4.jpg', 'FW3102_color1_pic2.jpg', 'FW3102_color1_pic0.jpg', 'FW3102_color1_pic1.jpg', 'FW3102_color1_pic9.jpg', 'FW3102_color1_pic7.jpg', 'FW3102_color1_pic5.jpg'])
2799475|10386036|Core Black / Core Black / Cloud White|https://www.adidas.com/us/supercourt-shoes/EE6038.html|90|70|frozenset(['FW3102_color2_pic7.jpg', 'FW3102_color2_pic5.jpg', 'FW3102_color2_pic1.jpg', 'FW3102_color2_pic9.jpg', 'FW3102_color2_pic2.jpg', 'FW3102_color2_pic0.jpg', 'FW3102_color2_pic8.jpg', 'FW3102_color2_pic6.jpg', 'FW3102_color2_pic4.jpg'])
2799552|10386326|Glory Red / Gold Metallic / Cloud White|https://www.adidas.com/us/top-ten-hi-shoes/EF6368.html|90|70|frozenset(['EF6368_color0_pic5.jpg', 'EF6368_color0_pic1.jpg', 'EF6368_color0_pic3.jpg', 'EF6368_color0_pic0.jpg', 'EF6368_color0_pic4.jpg', 'EF6368_color0_pic9.jpg', 'EF6368_color0_pic6.jpg', 'EF6368_color0_pic8.jpg'])
2799552|10386327|Glow Green / Core Black / Solar Yellow|https://www.adidas.com/us/ozweego-shoes/EE6466.html|77|57|frozenset(['EF6368_color1_pic10.jpg', 'EF6368_color1_pic4.jpg', 'EF6368_color1_pic9.jpg', 'EF6368_color1_pic2.jpg', 'EF6368_color1_pic0.jpg', 'EF6368_color1_pic3.jpg', 'EF6368_color1_pic1.jpg', 'EF6368_color1_pic6.jpg'])
2799557|10386344|Core Black / Core Black / Crystal White|https://www.adidas.com/us/yung-96-shoes/EE3681.html|60|40|frozenset(['EE3681_color0_pic12.jpg', 'EE3681_color0_pic8.jpg', 'EE3681_color0_pic5.jpg', 'EE3681_color0_pic6.jpg', 'EE3681_color0_pic4.jpg', 'EE3681_color0_pic11.jpg', 'EE3681_color0_pic2.jpg', 'EE3681_color0_pic1.jpg'])
2799557|10386345|Grey Two / Team Royal Blue / Signal Green|https://www.adidas.com/us/haiwee-shoes/FV4596.html|85|85|frozenset(['EE3681_color1_pic1.jpg', 'EE3681_color1_pic4.jpg', 'EE3681_color1_pic8.jpg', 'EE3681_color1_pic7.jpg', 'EE3681_color1_pic2.jpg'])
2799557|10386346|Cloud White / Purple / Scarlet|https://www.adidas.com/us/superstar-shoes/FV4189.html|80|60|frozenset(['EE3681_color2_pic3.jpg', 'EE3681_color2_pic9.jpg', 'EE3681_color2_pic7.jpg', 'EE3681_color2_pic4.jpg', 'EE3681_color2_pic6.jpg', 'EE3681_color2_pic0.jpg', 'EE3681_color2_pic2.jpg'])
2799557|10386347|Cloud White / Cloud White / Off White|https://www.adidas.com/us/nizza-rf-hi-shoes/EF1885.html|80|60|frozenset(['EE3681_color3_pic6.jpg', 'EE3681_color3_pic9.jpg', 'EE3681_color3_pic4.jpg', 'EE3681_color3_pic7.jpg', 'EE3681_color3_pic5.jpg', 'EE3681_color3_pic3.jpg', 'EE3681_color3_pic8.jpg', 'EE3681_color3_pic0.jpg'])
2799557|10386348|Core Black / Cloud White / Gold Metallic|https://www.adidas.com/us/liberty-cup-shoes/EG2470.html|90|90|frozenset(['EE3681_color4_pic8.jpg', 'EE3681_color4_pic1.jpg', 'EE3681_color4_pic2.jpg', 'EE3681_color4_pic0.jpg', 'EE3681_color4_pic6.jpg', 'EE3681_color4_pic5.jpg', 'EE3681_color4_pic9.jpg'])
2799677|10386781|Collegiate Navy / Core Black / Solar Yellow|https://www.adidas.com/us/eqt-gazelle-shoes/EE4771.html|55|55|frozenset(['EE4771_color0_pic9.jpg', 'EE4771_color0_pic2.jpg', 'EE4771_color0_pic0.jpg', 'EE4771_color0_pic3.jpg', 'EE4771_color0_pic7.jpg', 'EE4771_color0_pic5.jpg', 'EE4771_color0_pic6.jpg', 'EE4771_color0_pic10.jpg', 'EE4771_color0_pic4.jpg'])
2799677|10386782|Core Black / Cloud White / Off White|https://www.adidas.com/us/nizza-rf-hi-shoes/F34057.html|80|60|frozenset(['EE4771_color1_pic0.jpg', 'EE4771_color1_pic2.jpg', 'EE4771_color1_pic4.jpg', 'EE4771_color1_pic9.jpg', 'EE4771_color1_pic6.jpg', 'EE4771_color1_pic5.jpg', 'EE4771_color1_pic7.jpg', 'EE4771_color1_pic1.jpg', 'EE4771_color1_pic3.jpg'])
2799677|10386783|Core Black / Core Black / Off White|https://www.adidas.com/us/superstar-shoes/FV2809.html|100|80|frozenset(['EE4771_color2_pic8.jpg', 'EE4771_color2_pic0.jpg', 'EE4771_color2_pic2.jpg', 'EE4771_color2_pic6.jpg', 'EE4771_color2_pic7.jpg', 'EE4771_color2_pic3.jpg'])
2799677|10386784|Grey One / Grey Two / Signal Green|https://www.adidas.com/us/nite-jogger-shoes/FV3619.html|91|71|frozenset(['EE4771_color3_pic3.jpg', 'EE4771_color3_pic1.jpg', 'EE4771_color3_pic2.jpg', 'EE4771_color3_pic0.jpg', 'EE4771_color3_pic6.jpg', 'EE4771_color3_pic4.jpg', 'EE4771_color3_pic7.jpg', 'EE4771_color3_pic5.jpg', 'EE4771_color3_pic11.jpg'])
